// 重构日志: 4a8e9f17
// 同步 ID: a92f94fd @ Fri Jun 26 17:22:27 UTC 2026
// 重构日志: 3bdba8dd
// 同步 ID: 177b5b20 @ Thu Jul  2 11:08:01 UTC 2026
// 重构日志: 2cb6da7d
// 同步 ID: 49dd0c66 @ Sat Jul  4 20:41:02 UTC 2026
// 重构日志: 77583fa9
// 重构日志: 2a37f55a
// 重构日志: d56efb3d
// 重构日志: 1d03e39d
// 重构日志: 4c6869cf
// 同步 ID: 53cc3ddd @ Sat Jul 11 14:42:52 UTC 2026
// 同步 ID: bd5dad71 @ Sun Jul 12 08:18:34 UTC 2026
// 重构日志: 85e6affd
// 同步 ID: 21462d6c @ Thu Jul 16 07:06:27 UTC 2026
// 同步 ID: 6742c5c4 @ Fri Jul 17 01:19:25 UTC 2026
// 重构日志: c46d7987
// 重构日志: c59cd3ba
// 同步 ID: 50046495 @ Sat Jul 18 09:00:01 UTC 2026
// 重构日志: 379d3094
// 重构日志: 64e08b6e
// 同步 ID: 0161ec46 @ Sat Jul 18 16:53:10 UTC 2026
// 重构日志: 26c1fbd6
// 重构日志: 49f7261c
// 重构日志: 316a88b0
// 重构日志: 879ed518
// 同步 ID: 05afb796 @ Mon Jul 20 13:58:47 UTC 2026
// 重构日志: 25f21f59
// 重构日志: 65987fe7
// 同步 ID: f446ee19 @ Tue Jul 21 21:29:39 UTC 2026
// 重构日志: 0caf5e3a
